0 info it worked if it ends with ok
1 verbose cli [ '/usr/bin/node', '/usr/bin/npm', 'install' ]
2 info using npm@1.4.28
3 info using node@v0.10.33
4 verbose node symlink /usr/bin/node
5 verbose readDependencies using package.json deps
6 verbose install where, deps [ '/home/jesse/urlshortener', [ 'express', 'body-parser' ] ]
7 info preinstall node-js-getting-started@0.1.2
8 verbose readDependencies using package.json deps
9 verbose already installed skipping express@~4.9.x /home/jesse/urlshortener
10 verbose cache add [ 'body-parser@~1.11.x', null ]
11 verbose cache add name=undefined spec="body-parser@~1.11.x" args=["body-parser@~1.11.x",null]
12 verbose parsed url { protocol: null,
12 verbose parsed url   slashes: null,
12 verbose parsed url   auth: null,
12 verbose parsed url   host: null,
12 verbose parsed url   port: null,
12 verbose parsed url   hostname: null,
12 verbose parsed url   hash: null,
12 verbose parsed url   search: null,
12 verbose parsed url   query: null,
12 verbose parsed url   pathname: 'body-parser@~1.11.x',
12 verbose parsed url   path: 'body-parser@~1.11.x',
12 verbose parsed url   href: 'body-parser@~1.11.x' }
13 verbose cache add name="body-parser" spec="~1.11.x" args=["body-parser","~1.11.x"]
14 verbose parsed url { protocol: null,
14 verbose parsed url   slashes: null,
14 verbose parsed url   auth: null,
14 verbose parsed url   host: null,
14 verbose parsed url   port: null,
14 verbose parsed url   hostname: null,
14 verbose parsed url   hash: null,
14 verbose parsed url   search: null,
14 verbose parsed url   query: null,
14 verbose parsed url   pathname: '~1.11.x',
14 verbose parsed url   path: '~1.11.x',
14 verbose parsed url   href: '~1.11.x' }
15 verbose addNamed [ 'body-parser', '~1.11.x' ]
16 verbose addNamed [ null, '>=1.11.0-0 <1.12.0-0' ]
17 silly lockFile d7de7d33-body-parser-1-11-x body-parser@~1.11.x
18 verbose lock body-parser@~1.11.x /home/jesse/.npm/d7de7d33-body-parser-1-11-x.lock
19 silly addNameRange { name: 'body-parser',
19 silly addNameRange   range: '>=1.11.0-0 <1.12.0-0',
19 silly addNameRange   hasData: false }
20 verbose request where is /body-parser
21 verbose request registry http://registry.npmjs.org/
22 verbose request id 6ac9b80ee7df186b
23 verbose url raw /body-parser
24 verbose url resolving [ 'http://registry.npmjs.org/', './body-parser' ]
25 verbose url resolved http://registry.npmjs.org/body-parser
26 verbose request where is http://registry.npmjs.org/body-parser
27 info trying registry request attempt 1 at 14:55:59
28 verbose etag "9WYWPUMB3MH0YRMD2OUH5RWV7"
29 http GET http://registry.npmjs.org/body-parser
30 http 200 http://registry.npmjs.org/body-parser
31 silly registry.get cb [ 200,
31 silly registry.get   { server: 'CouchDB/1.5.0 (Erlang OTP/R16B03)',
31 silly registry.get     etag: '"6N59F9W8DCCK8EB6BX55YPTZ"',
31 silly registry.get     'content-type': 'application/json',
31 silly registry.get     'cache-control': 'max-age=60',
31 silly registry.get     'content-length': '81900',
31 silly registry.get     'accept-ranges': 'bytes',
31 silly registry.get     date: 'Thu, 05 Feb 2015 12:55:59 GMT',
31 silly registry.get     via: '1.1 varnish',
31 silly registry.get     age: '52',
31 silly registry.get     connection: 'keep-alive',
31 silly registry.get     'x-served-by': 'cache-fra1237-FRA',
31 silly registry.get     'x-cache': 'HIT',
31 silly registry.get     'x-cache-hits': '4',
31 silly registry.get     'x-timer': 'S1423140959.714347,VS0,VE0',
31 silly registry.get     vary: 'Accept' } ]
32 silly addNameRange number 2 { name: 'body-parser',
32 silly addNameRange   range: '>=1.11.0-0 <1.12.0-0',
32 silly addNameRange   hasData: true }
33 silly addNameRange versions [ 'body-parser',
33 silly addNameRange   [ '1.0.0',
33 silly addNameRange     '1.0.1',
33 silly addNameRange     '1.0.2',
33 silly addNameRange     '1.1.0',
33 silly addNameRange     '1.1.1',
33 silly addNameRange     '1.1.2',
33 silly addNameRange     '1.2.0',
33 silly addNameRange     '1.2.1',
33 silly addNameRange     '1.2.2',
33 silly addNameRange     '1.3.0',
33 silly addNameRange     '1.3.1',
33 silly addNameRange     '1.4.0',
33 silly addNameRange     '1.4.1',
33 silly addNameRange     '1.4.2',
33 silly addNameRange     '1.4.3',
33 silly addNameRange     '1.5.0',
33 silly addNameRange     '1.5.1',
33 silly addNameRange     '1.5.2',
33 silly addNameRange     '1.6.0',
33 silly addNameRange     '1.6.1',
33 silly addNameRange     '1.6.2',
33 silly addNameRange     '1.6.3',
33 silly addNameRange     '1.6.4',
33 silly addNameRange     '1.6.5',
33 silly addNameRange     '1.6.6',
33 silly addNameRange     '1.6.7',
33 silly addNameRange     '1.7.0',
33 silly addNameRange     '1.8.0',
33 silly addNameRange     '1.8.1',
33 silly addNameRange     '1.8.2',
33 silly addNameRange     '1.8.3',
33 silly addNameRange     '1.8.4',
33 silly addNameRange     '1.9.0',
33 silly addNameRange     '1.9.1',
33 silly addNameRange     '1.9.2',
33 silly addNameRange     '1.9.3',
33 silly addNameRange     '1.10.0',
33 silly addNameRange     '1.10.1',
33 silly addNameRange     '1.10.2',
33 silly addNameRange     '1.11.0' ] ]
34 verbose addNamed [ 'body-parser', '1.11.0' ]
35 verbose addNamed [ '1.11.0', '1.11.0' ]
36 silly lockFile dd49358a-body-parser-1-11-0 body-parser@1.11.0
37 verbose lock body-parser@1.11.0 /home/jesse/.npm/dd49358a-body-parser-1-11-0.lock
38 silly lockFile 74ab6d3b-dy-parser-body-parser-1-11-0-tgz http://registry.npmjs.org/body-parser/-/body-parser-1.11.0.tgz
39 verbose lock http://registry.npmjs.org/body-parser/-/body-parser-1.11.0.tgz /home/jesse/.npm/74ab6d3b-dy-parser-body-parser-1-11-0-tgz.lock
40 verbose addRemoteTarball [ 'http://registry.npmjs.org/body-parser/-/body-parser-1.11.0.tgz',
40 verbose addRemoteTarball   '29f876cb608efa54e9b2185fe8105efc9219a7f3' ]
41 info retry fetch attempt 1 at 14:55:59
42 verbose fetch to= /tmp/npm-21306-k52dCrtc/registry.npmjs.org/body-parser/-/body-parser-1.11.0.tgz
43 http GET http://registry.npmjs.org/body-parser/-/body-parser-1.11.0.tgz
44 http 200 http://registry.npmjs.org/body-parser/-/body-parser-1.11.0.tgz
45 silly lockFile 74ab6d3b-dy-parser-body-parser-1-11-0-tgz http://registry.npmjs.org/body-parser/-/body-parser-1.11.0.tgz
46 silly lockFile 74ab6d3b-dy-parser-body-parser-1-11-0-tgz http://registry.npmjs.org/body-parser/-/body-parser-1.11.0.tgz
47 silly lockFile dd49358a-body-parser-1-11-0 body-parser@1.11.0
48 silly lockFile dd49358a-body-parser-1-11-0 body-parser@1.11.0
49 silly lockFile d7de7d33-body-parser-1-11-x body-parser@~1.11.x
50 silly lockFile d7de7d33-body-parser-1-11-x body-parser@~1.11.x
51 error Error: EACCES, mkdir '/home/jesse/.npm/body-parser/1.11.0'
51 error  { [Error: EACCES, mkdir '/home/jesse/.npm/body-parser/1.11.0']
51 error   errno: 3,
51 error   code: 'EACCES',
51 error   path: '/home/jesse/.npm/body-parser/1.11.0',
51 error   parent: 'node-js-getting-started' }
52 error Please try running this command again as root/Administrator.
53 error System Linux 3.2.0-51-generic
54 error command "/usr/bin/node" "/usr/bin/npm" "install"
55 error cwd /home/jesse/urlshortener
56 error node -v v0.10.33
57 error npm -v 1.4.28
58 error path /home/jesse/.npm/body-parser/1.11.0
59 error code EACCES
60 error errno 3
61 error stack Error: EACCES, mkdir '/home/jesse/.npm/body-parser/1.11.0'
62 verbose exit [ 3, true ]
